<?xml version="1.0" encoding="UTF-8"?>
<Site BuildName="(empty)"
	BuildStamp="20240307-1641-Experimental"
	Name="(empty)"
	Generator="ctest-3.29.0-rc1"
	CompilerName=""
	CompilerVersion=""
	OSName="macOS"
	Hostname="AMAC02DD9GAML7H"
	OSRelease="14.3.1"
	OSVersion="23D60"
	OSPlatform="x86_64"
	Is64Bits="1"
	VendorString="GenuineIntel"
	VendorID="Intel Corporation"
	FamilyID="6"
	ModelID="126"
	ProcessorCacheSize="32768"
	NumberOfLogicalCPU="8"
	NumberOfPhysicalCPU="4"
	TotalVirtualMemory="2048"
	TotalPhysicalMemory="16384"
	LogicalProcessorsPerPhysical="8"
	ProcessorClockFrequency="2000"
	>
	<Testing>
		<StartDateTime>Mar 07 08:41 PST</StartDateTime>
		<StartTestTime>1709829679</StartTestTime>
		<TestList/>
		<EndDateTime>Mar 07 08:41 PST</EndDateTime>
		<EndTestTime>1709829679</EndTestTime>
		<ElapsedMinutes>0</ElapsedMinutes>
	</Testing>
</Site>
